android/app/build/intermediates/manifest_merge_blame_file/debug/manifest-merger-blame-debug-report.txt
1<?xml version="1.0" encoding="utf-8"?>
2<manifest xmlns:android="http://schemas.android.com/apk/res/android"
3    package="com.appcamera.camerateste"
4    android:versionCode="1"
5    android:versionName="1.0" >
6
7    <uses-sdk
7-->src\main\AndroidManifest.xml:12:3-15
8        android:minSdkVersion="21"
8-->src\main\AndroidManifest.xml:12:3-15
9        android:targetSdkVersion="30" />
9-->src\main\AndroidManifest.xml:12:3-15
10
11    <uses-permission android:name="android.permission.CAMERA" />
11-->src\main\AndroidManifest.xml:5:3-63
11-->src\main\AndroidManifest.xml:5:20-60
12
13    <uses-feature android:name="android.hardware.camera" />
13-->src\main\AndroidManifest.xml:7:3-58
13-->src\main\AndroidManifest.xml:7:17-55
14    <uses-feature android:name="android.hardware.camera.autofocus" />
14-->src\main\AndroidManifest.xml:8:3-68
14-->src\main\AndroidManifest.xml:8:17-65
15
16    <uses-permission android:name="android.permission.INTERNET" />
16-->src\main\AndroidManifest.xml:10:3-65
16-->src\main\AndroidManifest.xml:10:20-62
17    <uses-permission android:name="android.permission.ACCESS_NETWORK_STATE" />
17-->[com.google.android.gms:play-services-measurement:18.0.0] AndroidManifest.xml:24:5-79
17-->[com.google.android.gms:play-services-measurement:18.0.0] AndroidManifest.xml:24:22-76
18    <uses-permission android:name="android.permission.WAKE_LOCK" />
18-->[com.google.android.gms:play-services-measurement:18.0.0] AndroidManifest.xml:25:5-68
18-->[com.google.android.gms:play-services-measurement:18.0.0] AndroidManifest.xml:25:22-65
19    <uses-permission android:name="com.google.android.finsky.permission.BIND_GET_INSTALL_REFERRER_SERVICE" /> <!-- Android package visibility setting -->
19-->[com.google.android.gms:play-services-measurement:18.0.0] AndroidManifest.xml:26:5-110
19-->[com.google.android.gms:play-services-measurement:18.0.0] AndroidManifest.xml:26:22-107
20    <queries>
20-->[com.google.android.gms:play-services-ads-lite:20.0.0] AndroidManifest.xml:27:5-43:15
21
22        <!-- For browser content -->
23        <intent>
23-->[com.google.android.gms:play-services-ads-lite:20.0.0] AndroidManifest.xml:30:9-36:18
24            <action android:name="android.intent.action.VIEW" />
24-->[com.google.android.gms:play-services-ads-lite:20.0.0] AndroidManifest.xml:31:13-65
24-->[com.google.android.gms:play-services-ads-lite:20.0.0] AndroidManifest.xml:31:21-62
25
26            <category android:name="android.intent.category.BROWSABLE" />
26-->[com.google.android.gms:play-services-ads-lite:20.0.0] AndroidManifest.xml:33:13-74
26-->[com.google.android.gms:play-services-ads-lite:20.0.0] AndroidManifest.xml:33:23-71
27
28            <data android:scheme="https" />
28-->[com.google.android.gms:play-services-ads-lite:20.0.0] AndroidManifest.xml:35:13-44
28-->[com.google.android.gms:play-services-ads-lite:20.0.0] AndroidManifest.xml:35:19-41
29        </intent>
30        <!-- End of browser content -->
31        <!-- For CustomTabsService -->
32        <intent>
32-->[com.google.android.gms:play-services-ads-lite:20.0.0] AndroidManifest.xml:39:9-41:18
33            <action android:name="android.support.customtabs.action.CustomTabsService" />
33-->[com.google.android.gms:play-services-ads-lite:20.0.0] AndroidManifest.xml:40:13-90
33-->[com.google.android.gms:play-services-ads-lite:20.0.0] AndroidManifest.xml:40:21-87
34        </intent>
35        <!-- End of CustomTabsService -->
36    </queries>
37
38    <uses-permission android:name="android.permission.RECEIVE_BOOT_COMPLETED" />
38-->[androidx.work:work-runtime:2.1.0] AndroidManifest.xml:27:5-81
38-->[androidx.work:work-runtime:2.1.0] AndroidManifest.xml:27:22-78
39
40    <application
40-->src\main\AndroidManifest.xml:14:3-39:17
41        android:allowBackup="true"
41-->src\main\AndroidManifest.xml:15:7-33
42        android:appComponentFactory="androidx.core.app.CoreComponentFactory"
42-->[androidx.core:core:1.3.1] AndroidManifest.xml:24:18-86
43        android:debuggable="true"
44        android:icon="@mipmap/ic_launcher"
44-->src\main\AndroidManifest.xml:16:7-41
45        android:label="@string/tfe_pn_app_name"
45-->src\main\AndroidManifest.xml:17:7-46
46        android:roundIcon="@mipmap/ic_launcher_round"
46-->src\main\AndroidManifest.xml:18:7-52
47        android:supportsRtl="true"
47-->src\main\AndroidManifest.xml:19:7-33
48        android:testOnly="true"
49        android:theme="@style/AppTheme.Posenet" >
49-->src\main\AndroidManifest.xml:20:7-46
50        <activity
50-->src\main\AndroidManifest.xml:22:5-26:16
51            android:name="org.tensorflow.lite.examples.posenet.TestActivity"
51-->src\main\AndroidManifest.xml:23:9-37
52            android:exported="true"
52-->src\main\AndroidManifest.xml:25:9-32
53            android:label="@string/tfe_pn_app_name" >
53-->src\main\AndroidManifest.xml:24:9-48
54        </activity>
55        <activity
55-->src\main\AndroidManifest.xml:28:5-33:16
56            android:name="org.tensorflow.lite.examples.posenet.CameraActivity"
56-->src\main\AndroidManifest.xml:28:15-45
57            android:exported="true" >
57-->src\main\AndroidManifest.xml:28:46-69
58            <intent-filter>
58-->src\main\AndroidManifest.xml:29:7-32:23
59                <action android:name="android.intent.action.MAIN" />
59-->src\main\AndroidManifest.xml:30:9-60
59-->src\main\AndroidManifest.xml:30:17-58
60
61                <category android:name="android.intent.category.LAUNCHER" />
61-->src\main\AndroidManifest.xml:31:9-68
61-->src\main\AndroidManifest.xml:31:19-66
62            </intent-filter>
63        </activity>
64
65        <meta-data
65-->src\main\AndroidManifest.xml:35:5-37:65
66            android:name="com.google.android.gms.ads.APPLICATION_ID"
66-->src\main\AndroidManifest.xml:36:9-65
67            android:value="ca-app-pub-7011431222440462~2174680503" />
67-->src\main\AndroidManifest.xml:37:9-63
68
69        <receiver
69-->[com.google.android.gms:play-services-measurement:18.0.0] AndroidManifest.xml:29:9-33:20
70            android:name="com.google.android.gms.measurement.AppMeasurementReceiver"
70-->[com.google.android.gms:play-services-measurement:18.0.0] AndroidManifest.xml:30:13-85
71            android:enabled="true"
71-->[com.google.android.gms:play-services-measurement:18.0.0] AndroidManifest.xml:31:13-35
72            android:exported="false" >
72-->[com.google.android.gms:play-services-measurement:18.0.0] AndroidManifest.xml:32:13-37
73        </receiver>
74
75        <service
75-->[com.google.android.gms:play-services-measurement:18.0.0] AndroidManifest.xml:35:9-38:40
76            android:name="com.google.android.gms.measurement.AppMeasurementService"
76-->[com.google.android.gms:play-services-measurement:18.0.0] AndroidManifest.xml:36:13-84
77            android:enabled="true"
77-->[com.google.android.gms:play-services-measurement:18.0.0] AndroidManifest.xml:37:13-35
78            android:exported="false" />
78-->[com.google.android.gms:play-services-measurement:18.0.0] AndroidManifest.xml:38:13-37
79        <service
79-->[com.google.android.gms:play-services-measurement:18.0.0] AndroidManifest.xml:39:9-43:72
80            android:name="com.google.android.gms.measurement.AppMeasurementJobService"
80-->[com.google.android.gms:play-services-measurement:18.0.0] AndroidManifest.xml:40:13-87
81            android:enabled="true"
81-->[com.google.android.gms:play-services-measurement:18.0.0] AndroidManifest.xml:41:13-35
82            android:exported="false"
82-->[com.google.android.gms:play-services-measurement:18.0.0] AndroidManifest.xml:42:13-37
83            android:permission="android.permission.BIND_JOB_SERVICE" />
83-->[com.google.android.gms:play-services-measurement:18.0.0] AndroidManifest.xml:43:13-69
84        <service
84-->[com.google.android.gms:play-services-measurement-api:18.0.0] AndroidManifest.xml:27:9-33:19
85            android:name="com.google.firebase.components.ComponentDiscoveryService"
85-->[com.google.android.gms:play-services-measurement-api:18.0.0] AndroidManifest.xml:28:13-84
86            android:directBootAware="true"
86-->[com.google.firebase:firebase-common:19.3.0] AndroidManifest.xml:34:13-43
87            android:exported="false" >
87-->[com.google.android.gms:play-services-measurement-api:18.0.0] AndroidManifest.xml:29:13-37
88            <meta-data
88-->[com.google.android.gms:play-services-measurement-api:18.0.0] AndroidManifest.xml:30:13-32:85
89                android:name="com.google.firebase.components:com.google.firebase.analytics.connector.internal.AnalyticsConnectorRegistrar"
89-->[com.google.android.gms:play-services-measurement-api:18.0.0] AndroidManifest.xml:31:17-139
90                android:value="com.google.firebase.components.ComponentRegistrar" />
90-->[com.google.android.gms:play-services-measurement-api:18.0.0] AndroidManifest.xml:32:17-82
91            <meta-data
91-->[com.google.firebase:firebase-installations:16.3.2] AndroidManifest.xml:17:13-19:85
92                android:name="com.google.firebase.components:com.google.firebase.installations.FirebaseInstallationsRegistrar"
92-->[com.google.firebase:firebase-installations:16.3.2] AndroidManifest.xml:18:17-127
93                android:value="com.google.firebase.components.ComponentRegistrar" />
93-->[com.google.firebase:firebase-installations:16.3.2] AndroidManifest.xml:19:17-82
94        </service> <!-- Include the AdActivity and InAppPurchaseActivity configChanges and themes. -->
95        <activity
95-->[com.google.android.gms:play-services-ads-lite:20.0.0] AndroidManifest.xml:48:9-52:64
96            android:name="com.google.android.gms.ads.AdActivity"
96-->[com.google.android.gms:play-services-ads-lite:20.0.0] AndroidManifest.xml:49:13-65
97            android:configChanges="keyboard|keyboardHidden|orientation|screenLayout|uiMode|screenSize|smallestScreenSize"
97-->[com.google.android.gms:play-services-ads-lite:20.0.0] AndroidManifest.xml:50:13-122
98            android:exported="false"
98-->[com.google.android.gms:play-services-ads-lite:20.0.0] AndroidManifest.xml:51:13-37
99            android:theme="@android:style/Theme.Translucent" />
99-->[com.google.android.gms:play-services-ads-lite:20.0.0] AndroidManifest.xml:52:13-61
100
101        <provider
101-->[com.google.android.gms:play-services-ads-lite:20.0.0] AndroidManifest.xml:54:9-58:39
102            android:name="com.google.android.gms.ads.MobileAdsInitProvider"
102-->[com.google.android.gms:play-services-ads-lite:20.0.0] AndroidManifest.xml:55:13-76
103            android:authorities="com.appcamera.camerateste.mobileadsinitprovider"
103-->[com.google.android.gms:play-services-ads-lite:20.0.0] AndroidManifest.xml:56:13-73
104            android:exported="false"
104-->[com.google.android.gms:play-services-ads-lite:20.0.0] AndroidManifest.xml:57:13-37
105            android:initOrder="100" />
105-->[com.google.android.gms:play-services-ads-lite:20.0.0] AndroidManifest.xml:58:13-36
106
107        <service
107-->[com.google.android.gms:play-services-ads-lite:20.0.0] AndroidManifest.xml:60:9-63:40
108            android:name="com.google.android.gms.ads.AdService"
108-->[com.google.android.gms:play-services-ads-lite:20.0.0] AndroidManifest.xml:61:13-64
109            android:enabled="true"
109-->[com.google.android.gms:play-services-ads-lite:20.0.0] AndroidManifest.xml:62:13-35
110            android:exported="false" />
110-->[com.google.android.gms:play-services-ads-lite:20.0.0] AndroidManifest.xml:63:13-37
111
112        <provider
112-->[com.google.firebase:firebase-common:19.3.0] AndroidManifest.xml:26:9-30:39
113            android:name="com.google.firebase.provider.FirebaseInitProvider"
113-->[com.google.firebase:firebase-common:19.3.0] AndroidManifest.xml:27:13-77
114            android:authorities="com.appcamera.camerateste.firebaseinitprovider"
114-->[com.google.firebase:firebase-common:19.3.0] AndroidManifest.xml:28:13-72
115            android:exported="false"
115-->[com.google.firebase:firebase-common:19.3.0] AndroidManifest.xml:29:13-37
116            android:initOrder="100" />
116-->[com.google.firebase:firebase-common:19.3.0] AndroidManifest.xml:30:13-36
117
118        <meta-data
118-->[com.google.android.gms:play-services-basement:17.6.0] AndroidManifest.xml:23:9-25:69
119            android:name="com.google.android.gms.version"
119-->[com.google.android.gms:play-services-basement:17.6.0] AndroidManifest.xml:24:13-58
120            android:value="@integer/google_play_services_version" />
120-->[com.google.android.gms:play-services-basement:17.6.0] AndroidManifest.xml:25:13-66
121
122        <provider
122-->[androidx.work:work-runtime:2.1.0] AndroidManifest.xml:30:9-36:35
123            android:name="androidx.work.impl.WorkManagerInitializer"
123-->[androidx.work:work-runtime:2.1.0] AndroidManifest.xml:31:13-69
124            android:authorities="com.appcamera.camerateste.workmanager-init"
124-->[androidx.work:work-runtime:2.1.0] AndroidManifest.xml:32:13-68
125            android:directBootAware="false"
125-->[androidx.work:work-runtime:2.1.0] AndroidManifest.xml:33:13-44
126            android:exported="false"
126-->[androidx.work:work-runtime:2.1.0] AndroidManifest.xml:34:13-37
127            android:multiprocess="true" />
127-->[androidx.work:work-runtime:2.1.0] AndroidManifest.xml:35:13-40
128
129        <service
129-->[androidx.work:work-runtime:2.1.0] AndroidManifest.xml:38:9-43:35
130            android:name="androidx.work.impl.background.systemalarm.SystemAlarmService"
130-->[androidx.work:work-runtime:2.1.0] AndroidManifest.xml:39:13-88
131            android:directBootAware="false"
131-->[androidx.work:work-runtime:2.1.0] AndroidManifest.xml:40:13-44
132            android:enabled="@bool/enable_system_alarm_service_default"
132-->[androidx.work:work-runtime:2.1.0] AndroidManifest.xml:41:13-72
133            android:exported="false" />
133-->[androidx.work:work-runtime:2.1.0] AndroidManifest.xml:42:13-37
134        <service
134-->[androidx.work:work-runtime:2.1.0] AndroidManifest.xml:44:9-50:35
135            android:name="androidx.work.impl.background.systemjob.SystemJobService"
135-->[androidx.work:work-runtime:2.1.0] AndroidManifest.xml:45:13-84
136            android:directBootAware="false"
136-->[androidx.work:work-runtime:2.1.0] AndroidManifest.xml:46:13-44
137            android:enabled="@bool/enable_system_job_service_default"
137-->[androidx.work:work-runtime:2.1.0] AndroidManifest.xml:47:13-70
138            android:exported="true"
138-->[androidx.work:work-runtime:2.1.0] AndroidManifest.xml:48:13-36
139            android:permission="android.permission.BIND_JOB_SERVICE" />
139-->[androidx.work:work-runtime:2.1.0] AndroidManifest.xml:49:13-69
140
141        <receiver
141-->[androidx.work:work-runtime:2.1.0] AndroidManifest.xml:52:9-57:35
142            android:name="androidx.work.impl.utils.ForceStopRunnable$BroadcastReceiver"
142-->[androidx.work:work-runtime:2.1.0] AndroidManifest.xml:53:13-88
143            android:directBootAware="false"
143-->[androidx.work:work-runtime:2.1.0] AndroidManifest.xml:54:13-44
144            android:enabled="true"
144-->[androidx.work:work-runtime:2.1.0] AndroidManifest.xml:55:13-35
145            android:exported="false" />
145-->[androidx.work:work-runtime:2.1.0] AndroidManifest.xml:56:13-37
146        <receiver
146-->[androidx.work:work-runtime:2.1.0] AndroidManifest.xml:58:9-68:20
147            android:name="androidx.work.impl.background.systemalarm.ConstraintProxy$BatteryChargingProxy"
147-->[androidx.work:work-runtime:2.1.0] AndroidManifest.xml:59:13-106
148            android:directBootAware="false"
148-->[androidx.work:work-runtime:2.1.0] AndroidManifest.xml:60:13-44
149            android:enabled="false"
149-->[androidx.work:work-runtime:2.1.0] AndroidManifest.xml:61:13-36
150            android:exported="false" >
150-->[androidx.work:work-runtime:2.1.0] AndroidManifest.xml:62:13-37
151            <intent-filter>
151-->[androidx.work:work-runtime:2.1.0] AndroidManifest.xml:64:13-67:29
152                <action android:name="android.intent.action.ACTION_POWER_CONNECTED" />
152-->[androidx.work:work-runtime:2.1.0] AndroidManifest.xml:65:17-87
152-->[androidx.work:work-runtime:2.1.0] AndroidManifest.xml:65:25-84
153                <action android:name="android.intent.action.ACTION_POWER_DISCONNECTED" />
153-->[androidx.work:work-runtime:2.1.0] AndroidManifest.xml:66:17-90
153-->[androidx.work:work-runtime:2.1.0] AndroidManifest.xml:66:25-87
154            </intent-filter>
155        </receiver>
156        <receiver
156-->[androidx.work:work-runtime:2.1.0] AndroidManifest.xml:69:9-79:20
157            android:name="androidx.work.impl.background.systemalarm.ConstraintProxy$BatteryNotLowProxy"
157-->[androidx.work:work-runtime:2.1.0] AndroidManifest.xml:70:13-104
158            android:directBootAware="false"
158-->[androidx.work:work-runtime:2.1.0] AndroidManifest.xml:71:13-44
159            android:enabled="false"
159-->[androidx.work:work-runtime:2.1.0] AndroidManifest.xml:72:13-36
160            android:exported="false" >
160-->[androidx.work:work-runtime:2.1.0] AndroidManifest.xml:73:13-37
161            <intent-filter>
161-->[androidx.work:work-runtime:2.1.0] AndroidManifest.xml:75:13-78:29
162                <action android:name="android.intent.action.BATTERY_OKAY" />
162-->[androidx.work:work-runtime:2.1.0] AndroidManifest.xml:76:17-77
162-->[androidx.work:work-runtime:2.1.0] AndroidManifest.xml:76:25-74
163                <action android:name="android.intent.action.BATTERY_LOW" />
163-->[androidx.work:work-runtime:2.1.0] AndroidManifest.xml:77:17-76
163-->[androidx.work:work-runtime:2.1.0] AndroidManifest.xml:77:25-73
164            </intent-filter>
165        </receiver>
166        <receiver
166-->[androidx.work:work-runtime:2.1.0] AndroidManifest.xml:80:9-90:20
167            android:name="androidx.work.impl.background.systemalarm.ConstraintProxy$StorageNotLowProxy"
167-->[androidx.work:work-runtime:2.1.0] AndroidManifest.xml:81:13-104
168            android:directBootAware="false"
168-->[androidx.work:work-runtime:2.1.0] AndroidManifest.xml:82:13-44
169            android:enabled="false"
169-->[androidx.work:work-runtime:2.1.0] AndroidManifest.xml:83:13-36
170            android:exported="false" >
170-->[androidx.work:work-runtime:2.1.0] AndroidManifest.xml:84:13-37
171            <intent-filter>
171-->[androidx.work:work-runtime:2.1.0] AndroidManifest.xml:86:13-89:29
172                <action android:name="android.intent.action.DEVICE_STORAGE_LOW" />
172-->[androidx.work:work-runtime:2.1.0] AndroidManifest.xml:87:17-83
172-->[androidx.work:work-runtime:2.1.0] AndroidManifest.xml:87:25-80
173                <action android:name="android.intent.action.DEVICE_STORAGE_OK" />
173-->[androidx.work:work-runtime:2.1.0] AndroidManifest.xml:88:17-82
173-->[androidx.work:work-runtime:2.1.0] AndroidManifest.xml:88:25-79
174            </intent-filter>
175        </receiver>
176        <receiver
176-->[androidx.work:work-runtime:2.1.0] AndroidManifest.xml:91:9-100:20
177            android:name="androidx.work.impl.background.systemalarm.ConstraintProxy$NetworkStateProxy"
177-->[androidx.work:work-runtime:2.1.0] AndroidManifest.xml:92:13-103
178            android:directBootAware="false"
178-->[androidx.work:work-runtime:2.1.0] AndroidManifest.xml:93:13-44
179            android:enabled="false"
179-->[androidx.work:work-runtime:2.1.0] AndroidManifest.xml:94:13-36
180            android:exported="false" >
180-->[androidx.work:work-runtime:2.1.0] AndroidManifest.xml:95:13-37
181            <intent-filter>
181-->[androidx.work:work-runtime:2.1.0] AndroidManifest.xml:97:13-99:29
182                <action android:name="android.net.conn.CONNECTIVITY_CHANGE" />
182-->[androidx.work:work-runtime:2.1.0] AndroidManifest.xml:98:17-79
182-->[androidx.work:work-runtime:2.1.0] AndroidManifest.xml:98:25-76
183            </intent-filter>
184        </receiver>
185        <receiver
185-->[androidx.work:work-runtime:2.1.0] AndroidManifest.xml:101:9-112:20
186            android:name="androidx.work.impl.background.systemalarm.RescheduleReceiver"
186-->[androidx.work:work-runtime:2.1.0] AndroidManifest.xml:102:13-88
187            android:directBootAware="false"
187-->[androidx.work:work-runtime:2.1.0] AndroidManifest.xml:103:13-44
188            android:enabled="false"
188-->[androidx.work:work-runtime:2.1.0] AndroidManifest.xml:104:13-36
189            android:exported="false" >
189-->[androidx.work:work-runtime:2.1.0] AndroidManifest.xml:105:13-37
190            <intent-filter>
190-->[androidx.work:work-runtime:2.1.0] AndroidManifest.xml:107:13-111:29
191                <action android:name="android.intent.action.BOOT_COMPLETED" />
191-->[androidx.work:work-runtime:2.1.0] AndroidManifest.xml:108:17-79
191-->[androidx.work:work-runtime:2.1.0] AndroidManifest.xml:108:25-76
192                <action android:name="android.intent.action.TIME_SET" />
192-->[androidx.work:work-runtime:2.1.0] AndroidManifest.xml:109:17-73
192-->[androidx.work:work-runtime:2.1.0] AndroidManifest.xml:109:25-70
193                <action android:name="android.intent.action.TIMEZONE_CHANGED" />
193-->[androidx.work:work-runtime:2.1.0] AndroidManifest.xml:110:17-81
193-->[androidx.work:work-runtime:2.1.0] AndroidManifest.xml:110:25-78
194            </intent-filter>
195        </receiver>
196        <receiver
196-->[androidx.work:work-runtime:2.1.0] AndroidManifest.xml:113:9-122:20
197            android:name="androidx.work.impl.background.systemalarm.ConstraintProxyUpdateReceiver"
197-->[androidx.work:work-runtime:2.1.0] AndroidManifest.xml:114:13-99
198            android:directBootAware="false"
198-->[androidx.work:work-runtime:2.1.0] AndroidManifest.xml:115:13-44
199            android:enabled="@bool/enable_system_alarm_service_default"
199-->[androidx.work:work-runtime:2.1.0] AndroidManifest.xml:116:13-72
200            android:exported="false" >
200-->[androidx.work:work-runtime:2.1.0] AndroidManifest.xml:117:13-37
201            <intent-filter>
201-->[androidx.work:work-runtime:2.1.0] AndroidManifest.xml:119:13-121:29
202                <action android:name="androidx.work.impl.background.systemalarm.UpdateProxies" />
202-->[androidx.work:work-runtime:2.1.0] AndroidManifest.xml:120:17-98
202-->[androidx.work:work-runtime:2.1.0] AndroidManifest.xml:120:25-95
203            </intent-filter>
204        </receiver>
205
206        <service
206-->[androidx.room:room-runtime:2.1.0] AndroidManifest.xml:25:9-27:40
207            android:name="androidx.room.MultiInstanceInvalidationService"
207-->[androidx.room:room-runtime:2.1.0] AndroidManifest.xml:26:13-74
208            android:exported="false" />
208-->[androidx.room:room-runtime:2.1.0] AndroidManifest.xml:27:13-37
209    </application>
210
211</manifest>